 BELLHOP/BELLHOP3D

 BELLHOP- Munk profile, coherent                                                 
 frequency =   1500.     Hz

 Dummy parameter NMedia =            1

     Spline approximation to SSP
     Attenuation units: dB/wavelength
     VACUUM

 Depth =    5000.00 m

 Sound speed profile:
   z (m)     alphaR (m/s)   betaR  rho (g/cm^3)  alphaI     betaI

      0.00      1548.52      0.00     1.00       0.0000    0.0000
    200.00      1530.29      0.00     1.00       0.0000    0.0000
    250.00      1526.69      0.00     1.00       0.0000    0.0000
    400.00      1517.78      0.00     1.00       0.0000    0.0000
    600.00      1509.49      0.00     1.00       0.0000    0.0000
    800.00      1504.30      0.00     1.00       0.0000    0.0000
   1000.00      1501.38      0.00     1.00       0.0000    0.0000
   1200.00      1500.14      0.00     1.00       0.0000    0.0000
   1400.00      1500.12      0.00     1.00       0.0000    0.0000
   1600.00      1501.02      0.00     1.00       0.0000    0.0000
   1800.00      1502.57      0.00     1.00       0.0000    0.0000
   2000.00      1504.62      0.00     1.00       0.0000    0.0000
   2200.00      1507.02      0.00     1.00       0.0000    0.0000
   2400.00      1509.69      0.00     1.00       0.0000    0.0000
   2600.00      1512.55      0.00     1.00       0.0000    0.0000
   2800.00      1515.56      0.00     1.00       0.0000    0.0000
   3000.00      1518.67      0.00     1.00       0.0000    0.0000
   3200.00      1521.85      0.00     1.00       0.0000    0.0000
   3400.00      1525.10      0.00     1.00       0.0000    0.0000
   3600.00      1528.38      0.00     1.00       0.0000    0.0000
   3800.00      1531.70      0.00     1.00       0.0000    0.0000
   4000.00      1535.04      0.00     1.00       0.0000    0.0000
   4200.00      1538.39      0.00     1.00       0.0000    0.0000
   4400.00      1541.76      0.00     1.00       0.0000    0.0000
   4600.00      1545.14      0.00     1.00       0.0000    0.0000
   4800.00      1548.52      0.00     1.00       0.0000    0.0000
   5000.00      1551.91      0.00     1.00       0.0000    0.0000

                                 ( RMS roughness =   0.00     )
     ACOUSTO-ELASTIC half-space
   5000.00      1600.00      0.00     1.80       0.8000    0.0000

 __________________________________________________________________________

 Number of Source   depths, Sz =            1
 Source   depths, Sz (m)
   200.000    


 __________________________________________________________________________

 Number of Receiver depths, Rz =          501
 Receiver depths, Rz (m)
   0.00000       10.0000       20.0000       30.0000       40.0000    
   50.0000       60.0000       70.0000       80.0000       90.0000    
          ... 
   5000.00    


 __________________________________________________________________________

 Number of Receiver ranges, Rr =          250
 Receiver ranges, Rr (km)
   0.00000       8.03213       16.0643       24.0964       32.1285    
   40.1606       48.1928       56.2249       64.2570       72.2892    
          ... 
   2000.00    


 Coherent TL calculation
 Geometric hat beams in Cartesian coordinates
 Point source (cylindrical coordinates)
 Rectilinear receiver grid: Receivers at Rr( : ) x Rz( : )
 __________________________________________________________________________

 Number of beams in elevation   =       600000
 Beam take-off angles (degrees)
  -20.3000      -20.2999      -20.2999      -20.2998      -20.2997    
  -20.2997      -20.2996      -20.2995      -20.2995      -20.2994    
          ... 
   20.3000    

 __________________________________________________________________________


 Step length,       deltas =   50.00     m

 Maximum ray depth, Box%z  =   5500.     m
 Maximum ray range, Box%r  =   2000.    km
 No beam shift in effect


Tracing beam       1    -20.30

 Geometric hat beams                     
 halfwidth  =    274966.46724626585     
 epsilonOpt =  (  0.0000000000000000     ,  356287511281869.56     )
 EpsMult    =    1.0000000000000000     

Tracing beam   12001    -19.49
